<?xml version="1.0" encoding="UTF-8"?>
<testng-results ignored="0" total="3" passed="3" failed="0" skipped="0">
  <reporter-output>
  </reporter-output>
  <suite started-at="2023-06-25T15:11:41 IST" name="Suite" finished-at="2023-06-25T15:12:09 IST" duration-ms="27847">
    <groups>
    </groups>
    <test started-at="2023-06-25T15:11:41 IST" name="Test" finished-at="2023-06-25T15:12:09 IST" duration-ms="27847">
      <class name="Scripts.Testcase1">
        <test-method is-config="true" signature="openApp()[pri:0, instance:Scripts.Testcase1@2145b572]" started-at="2023-06-25T15:11:41 IST" name="openApp" finished-at="2023-06-25T15:11:45 IST" duration-ms="3546" status="PASS">
          <reporter-output>
          </reporter-output>
        </test-method> <!-- openApp -->
        <test-method signature="tc1()[pri:0, instance:Scripts.Testcase1@2145b572]" started-at="2023-06-25T15:11:45 IST" name="tc1" finished-at="2023-06-25T15:11:47 IST" duration-ms="2659" status="PASS">
          <reporter-output>
          </reporter-output>
        </test-method> <!-- tc1 -->
        <test-method is-config="true" signature="closeApp(org.testng.ITestResult)[pri:0, instance:Scripts.Testcase1@2145b572]" started-at="2023-06-25T15:11:47 IST" name="closeApp" finished-at="2023-06-25T15:11:48 IST" duration-ms="122" status="PASS">
          <params>
            <param index="0">
              <value>
                <![CDATA[[TestResult name=tc1 status=SUCCESS method=Testcase1.tc1()[pri:0, instance:Scripts.Testcase1@2145b572] output={null}]]]>
              </value>
            </param>
          </params>
          <reporter-output>
          </reporter-output>
        </test-method> <!-- closeApp -->
      </class> <!-- Scripts.Testcase1 -->
      <class name="Scripts.Testcase2">
        <test-method is-config="true" signature="openApp()[pri:0, instance:Scripts.Testcase2@40ef3420]" started-at="2023-06-25T15:11:48 IST" name="openApp" finished-at="2023-06-25T15:11:49 IST" duration-ms="1465" status="PASS">
          <reporter-output>
          </reporter-output>
        </test-method> <!-- openApp -->
        <test-method signature="tc2()[pri:0, instance:Scripts.Testcase2@40ef3420]" started-at="2023-06-25T15:11:49 IST" name="tc2" finished-at="2023-06-25T15:11:54 IST" duration-ms="5099" status="PASS">
          <reporter-output>
          </reporter-output>
        </test-method> <!-- tc2 -->
        <test-method is-config="true" signature="closeApp(org.testng.ITestResult)[pri:0, instance:Scripts.Testcase2@40ef3420]" started-at="2023-06-25T15:11:54 IST" name="closeApp" finished-at="2023-06-25T15:11:54 IST" duration-ms="128" status="PASS">
          <params>
            <param index="0">
              <value>
                <![CDATA[[TestResult name=tc2 status=SUCCESS method=Testcase2.tc2()[pri:0, instance:Scripts.Testcase2@40ef3420] output={null}]]]>
              </value>
            </param>
          </params>
          <reporter-output>
          </reporter-output>
        </test-method> <!-- closeApp -->
      </class> <!-- Scripts.Testcase2 -->
      <class name="Scripts.Testcase3">
        <test-method is-config="true" signature="openApp()[pri:0, instance:Scripts.Testcase3@498d318c]" started-at="2023-06-25T15:11:54 IST" name="openApp" finished-at="2023-06-25T15:11:56 IST" duration-ms="1381" status="PASS">
          <reporter-output>
          </reporter-output>
        </test-method> <!-- openApp -->
        <test-method signature="tc3()[pri:0, instance:Scripts.Testcase3@498d318c]" started-at="2023-06-25T15:11:56 IST" name="tc3" finished-at="2023-06-25T15:12:09 IST" duration-ms="13225" status="PASS">
          <reporter-output>
          </reporter-output>
        </test-method> <!-- tc3 -->
        <test-method is-config="true" signature="closeApp(org.testng.ITestResult)[pri:0, instance:Scripts.Testcase3@498d318c]" started-at="2023-06-25T15:12:09 IST" name="closeApp" finished-at="2023-06-25T15:12:09 IST" duration-ms="188" status="PASS">
          <params>
            <param index="0">
              <value>
                <![CDATA[[TestResult name=tc3 status=SUCCESS method=Testcase3.tc3()[pri:0, instance:Scripts.Testcase3@498d318c] output={null}]]]>
              </value>
            </param>
          </params>
          <reporter-output>
          </reporter-output>
        </test-method> <!-- closeApp -->
      </class> <!-- Scripts.Testcase3 -->
    </test> <!-- Test -->
  </suite> <!-- Suite -->
</testng-results>
